<?xml version="1.0" encoding="UTF-8"?>
<testsuite name="ExampleTest" tests="1" skipped="0" failures="0" errors="0" timestamp="2021-06-16T17:38:21" hostname="Caglars-MacBook-Pro.local" time="0.047">
  <properties/>
  <testcase name="Descriptive" classname="ExampleTest" time="0.047"/>
  <system-out><![CDATA[]]></system-out>
  <system-err><![CDATA[]]></system-err>
</testsuite>
